<?xml version="1.0" encoding="UTF-8"?>
<!-- Generated by org.testng.reporters.JUnitReportReporter -->
<testsuite ignored="1" hostname="Fahmidas-MacBook-Air.local" failures="0" tests="1" name="test.incorrectpageTest" time="10.035" errors="0" timestamp="04 Sep. 2023 00:10:48 GMT" skipped="0">
  <testcase classname="test.incorrectpageTest" name="icmtest" time="10.035"/>
  <testcase classname="test.baseTest" name="driverSetup">
    <skipped/>
  </testcase> <!-- driverSetup -->
</testsuite> <!-- test.incorrectpageTest -->
